0 info it worked if it ends with ok
1 verbose cli [ '/home/prabodh/local/node/bin/node',
1 verbose cli   '/home/prabodh/local/node/bin/npm',
1 verbose cli   'publish' ]
2 info using npm@3.10.9
3 info using node@v7.2.0
4 verbose publish [ '.' ]
5 silly cache add args [ '.', null ]
6 verbose cache add spec .
7 silly cache add parsed spec Result {
7 silly cache add   raw: '.',
7 silly cache add   scope: null,
7 silly cache add   escapedName: null,
7 silly cache add   name: null,
7 silly cache add   rawSpec: '.',
7 silly cache add   spec: '/home/prabodh/gamezop/browser-info',
7 silly cache add   type: 'directory' }
8 verbose addLocalDirectory /home/prabodh/.npm/browser-info/0.1.2/package.tgz not in flight; packing
9 verbose correctMkdir /home/prabodh/.npm correctMkdir not in flight; initializing
10 info lifecycle browser-info@0.1.2~prepublish: browser-info@0.1.2
11 silly lifecycle browser-info@0.1.2~prepublish: no script for prepublish, continuing
12 verbose tar pack [ '/home/prabodh/.npm/browser-info/0.1.2/package.tgz',
12 verbose tar pack   '/home/prabodh/gamezop/browser-info' ]
13 verbose tarball /home/prabodh/.npm/browser-info/0.1.2/package.tgz
14 verbose folder /home/prabodh/gamezop/browser-info
15 verbose addLocalTarball adding from inside cache /home/prabodh/.npm/browser-info/0.1.2/package.tgz
16 verbose correctMkdir /home/prabodh/.npm correctMkdir not in flight; initializing
17 silly cache afterAdd browser-info@0.1.2
18 verbose afterAdd /home/prabodh/.npm/browser-info/0.1.2/package/package.json not in flight; writing
19 verbose correctMkdir /home/prabodh/.npm correctMkdir not in flight; initializing
20 verbose afterAdd /home/prabodh/.npm/browser-info/0.1.2/package/package.json written
21 silly publish { author: { name: 'Prabodh Tiwari', email: 'prabodhtiwari@outlook.com' },
21 silly publish   bugs: { url: 'https://github.com/prabodhtiwari/browser-info/issues' },
21 silly publish   contributors: [],
21 silly publish   dependencies: { 'crypto-js': '^3.1.8' },
21 silly publish   description: 'a Javascript library for getting browser, device, and os from user-agent',
21 silly publish   directories: { test: 'test' },
21 silly publish   homepage: 'https://github.com/prabodhtiwari/browser-info',
21 silly publish   keywords: [ 'javascript', 'User Agent', 'Browser', 'OS', 'Device' ],
21 silly publish   license: 'MIT',
21 silly publish   main: 'index',
21 silly publish   maintainers: [],
21 silly publish   name: 'browser-info',
21 silly publish   optionalDependencies: {},
21 silly publish   repository:
21 silly publish    { type: 'git',
21 silly publish      url: 'git+ssh://git@github.com/prabodhtiwari/browser-info.git',
21 silly publish      web: 'https://github.com/prabodhtiwari/browser-info' },
21 silly publish   version: '0.1.2',
21 silly publish   readme: '# browser-info\n\nJavaScript library of getting browser and os info\n\n- npm (Node.js package manager)\n\n```bash\nnpm install browser-info --save\n```\n\n### Usage\n\nModular include:\n\n```javascript\nvar jwt = require("browser-info");\nvar info = jwt.init() \n...\nconsole.log(info);\n```',
21 silly publish   readmeFilename: 'README.md',
21 silly publish   gitHead: '216b5e521c9ced805d2c73ed7d9ad3df675d4489',
21 silly publish   _id: 'browser-info@0.1.2',
21 silly publish   scripts: {},
21 silly publish   _shasum: '602b27bc958e6924b31998ac7ada05343b58e4b4',
21 silly publish   _from: '.' }
22 verbose getPublishConfig undefined
23 silly mapToRegistry name browser-info
24 silly mapToRegistry using default registry
25 silly mapToRegistry registry https://registry.npmjs.org/
26 silly mapToRegistry data Result {
26 silly mapToRegistry   raw: 'browser-info',
26 silly mapToRegistry   scope: null,
26 silly mapToRegistry   escapedName: 'browser-info',
26 silly mapToRegistry   name: 'browser-info',
26 silly mapToRegistry   rawSpec: '',
26 silly mapToRegistry   spec: 'latest',
26 silly mapToRegistry   type: 'tag' }
27 silly mapToRegistry uri https://registry.npmjs.org/browser-info
28 verbose publish registryBase https://registry.npmjs.org/
29 silly publish uploading /home/prabodh/.npm/browser-info/0.1.2/package.tgz
30 verbose request uri https://registry.npmjs.org/browser-info
31 verbose request sending authorization for write operation
32 info attempt registry request try #1 at 9:51:45 AM
33 verbose request using bearer token for auth
34 verbose request id a0300590521d9d49
35 http request PUT https://registry.npmjs.org/browser-info
36 http 403 https://registry.npmjs.org/browser-info
37 verbose headers { 'content-type': 'application/json',
37 verbose headers   'cache-control': 'max-age=300',
37 verbose headers   'content-length': '106',
37 verbose headers   'accept-ranges': 'bytes',
37 verbose headers   date: 'Wed, 14 Dec 2016 04:21:48 GMT',
37 verbose headers   via: '1.1 varnish',
37 verbose headers   connection: 'keep-alive',
37 verbose headers   'x-served-by': 'cache-sin6922-SIN',
37 verbose headers   'x-cache': 'MISS',
37 verbose headers   'x-cache-hits': '0',
37 verbose headers   'x-timer': 'S1481689307.945405,VS0,VE893',
37 verbose headers   vary: 'Accept-Encoding' }
38 verbose request invalidating /home/prabodh/.npm/registry.npmjs.org/browser-info on PUT
39 error publish Failed PUT 403
40 verbose stack Error: you do not have permission to publish "browser-info". Are you logged in as the correct user? : browser-info
40 verbose stack     at makeError (/home/prabodh/local/node/lib/node_modules/npm/node_modules/npm-registry-client/lib/request.js:302:12)
40 verbose stack     at CachingRegistryClient.<anonymous> (/home/prabodh/local/node/lib/node_modules/npm/node_modules/npm-registry-client/lib/request.js:290:14)
40 verbose stack     at Request._callback (/home/prabodh/local/node/lib/node_modules/npm/node_modules/npm-registry-client/lib/request.js:210:14)
40 verbose stack     at Request.self.callback (/home/prabodh/local/node/lib/node_modules/npm/node_modules/request/request.js:187:22)
40 verbose stack     at emitTwo (events.js:106:13)
40 verbose stack     at Request.emit (events.js:191:7)
40 verbose stack     at Request.<anonymous> (/home/prabodh/local/node/lib/node_modules/npm/node_modules/request/request.js:1048:10)
40 verbose stack     at emitOne (events.js:96:13)
40 verbose stack     at Request.emit (events.js:188:7)
40 verbose stack     at IncomingMessage.<anonymous> (/home/prabodh/local/node/lib/node_modules/npm/node_modules/request/request.js:969:12)
41 verbose statusCode 403
42 verbose pkgid browser-info
43 verbose cwd /home/prabodh/gamezop/browser-info
44 error Linux 4.4.0-53-generic
45 error argv "/home/prabodh/local/node/bin/node" "/home/prabodh/local/node/bin/npm" "publish"
46 error node v7.2.0
47 error npm  v3.10.9
48 error code E403
49 error you do not have permission to publish "browser-info". Are you logged in as the correct user? : browser-info
50 error If you need help, you may report this error at:
50 error     <https://github.com/npm/npm/issues>
51 verbose exit [ 1, true ]
